
*** Running vivado
    with args -log fir_filtar.vds -m64 -product Vivado -mode batch -messageDb vivado.pb -notrace -source fir_filtar.tcl



****** Vivado v2020.2 (64-bit)
  **** SW Build 3064766 on Wed Nov 18 09:12:45 MST 2020
  **** IP Build 3064653 on Wed Nov 18 14:17:31 MST 2020
    ** Copyright 1986-2020 Xilinx, Inc. All Rights Reserved.

source fir_filtar.tcl -notrace
Command: synth_design -top fir_filtar -part xc7z010clg400-1 -mode Out_of_context
Starting synth_design
Attempting to get a license for feature 'Synthesis' and/or device 'xc7z010'
INFO: [Common 17-349] Got license for feature 'Synthesis' and/or device 'xc7z010'
INFO: [Device 21-403] Loading part xc7z010clg400-1
INFO: [Synth 8-7079] Multithreading enabled for synth_design using a maximum of 2 processes.
INFO: [Synth 8-7078] Launching helper process for spawning children vivado processes
INFO: [Synth 8-7075] Helper process launched with PID 7088
---------------------------------------------------------------------------------
Starting RTL Elaboration : Time (s): cpu = 00:00:09 ; elapsed = 00:00:09 . Memory (MB): peak = 1141.914 ; gain = 15.805
---------------------------------------------------------------------------------
INFO: [Synth 8-638] synthesizing module 'fir_filtar' [C:/Users/Dusan/Desktop/DSONG/fir_otporan/fir_filtar.srcs/sources_1/new/fir_filtar.vhd:56]
	Parameter fir_ord bound to: 20 - type: integer 
	Parameter WIDTH bound to: 17 - type: integer 
	Parameter FIXED_POINT_POSITION bound to: 1 - type: integer 
	Parameter REDUNDANCY bound to: 5 - type: integer 
INFO: [Synth 8-638] synthesizing module 'mac' [C:/Users/Dusan/Desktop/DSONG/fir_otporan/fir_filtar.srcs/sources_1/new/mac.vhd:47]
	Parameter WIDTH bound to: 17 - type: integer 
INFO: [Synth 8-256] done synthesizing module 'mac' (1#1) [C:/Users/Dusan/Desktop/DSONG/fir_otporan/fir_filtar.srcs/sources_1/new/mac.vhd:47]
	Parameter REDUNDANCY bound to: 5 - type: integer 
	Parameter WIDTH bound to: 34 - type: integer 
INFO: [Synth 8-3491] module 'switch_voter' declared at 'C:/Users/Dusan/Desktop/DSONG/fir_otporan/fir_filtar.srcs/sources_1/new/switch_voter.vhd:37' bound to instance 'asd_voter' of component 'switch_voter' [C:/Users/Dusan/Desktop/DSONG/fir_otporan/fir_filtar.srcs/sources_1/new/fir_filtar.vhd:116]
INFO: [Synth 8-638] synthesizing module 'switch_voter' [C:/Users/Dusan/Desktop/DSONG/fir_otporan/fir_filtar.srcs/sources_1/new/switch_voter.vhd:47]
	Parameter REDUNDANCY bound to: 5 - type: integer 
	Parameter WIDTH bound to: 34 - type: integer 
WARNING: [Synth 8-614] signal 'n_dev_2' is read in the process but is not in the sensitivity list [C:/Users/Dusan/Desktop/DSONG/fir_otporan/fir_filtar.srcs/sources_1/new/switch_voter.vhd:137]
INFO: [Synth 8-256] done synthesizing module 'switch_voter' (2#1) [C:/Users/Dusan/Desktop/DSONG/fir_otporan/fir_filtar.srcs/sources_1/new/switch_voter.vhd:47]
	Parameter REDUNDANCY bound to: 5 - type: integer 
	Parameter WIDTH bound to: 34 - type: integer 
INFO: [Synth 8-3491] module 'switch_voter' declared at 'C:/Users/Dusan/Desktop/DSONG/fir_otporan/fir_filtar.srcs/sources_1/new/switch_voter.vhd:37' bound to instance 'other_voter' of component 'switch_voter' [C:/Users/Dusan/Desktop/DSONG/fir_otporan/fir_filtar.srcs/sources_1/new/fir_filtar.vhd:144]
	Parameter REDUNDANCY bound to: 5 - type: integer 
	Parameter WIDTH bound to: 34 - type: integer 
INFO: [Synth 8-3491] module 'switch_voter' declared at 'C:/Users/Dusan/Desktop/DSONG/fir_otporan/fir_filtar.srcs/sources_1/new/switch_voter.vhd:37' bound to instance 'other_voter' of component 'switch_voter' [C:/Users/Dusan/Desktop/DSONG/fir_otporan/fir_filtar.srcs/sources_1/new/fir_filtar.vhd:144]
	Parameter REDUNDANCY bound to: 5 - type: integer 
	Parameter WIDTH bound to: 34 - type: integer 
INFO: [Synth 8-3491] module 'switch_voter' declared at 'C:/Users/Dusan/Desktop/DSONG/fir_otporan/fir_filtar.srcs/sources_1/new/switch_voter.vhd:37' bound to instance 'other_voter' of component 'switch_voter' [C:/Users/Dusan/Desktop/DSONG/fir_otporan/fir_filtar.srcs/sources_1/new/fir_filtar.vhd:144]
	Parameter REDUNDANCY bound to: 5 - type: integer 
	Parameter WIDTH bound to: 34 - type: integer 
INFO: [Synth 8-3491] module 'switch_voter' declared at 'C:/Users/Dusan/Desktop/DSONG/fir_otporan/fir_filtar.srcs/sources_1/new/switch_voter.vhd:37' bound to instance 'other_voter' of component 'switch_voter' [C:/Users/Dusan/Desktop/DSONG/fir_otporan/fir_filtar.srcs/sources_1/new/fir_filtar.vhd:144]
	Parameter REDUNDANCY bound to: 5 - type: integer 
	Parameter WIDTH bound to: 34 - type: integer 
INFO: [Synth 8-3491] module 'switch_voter' declared at 'C:/Users/Dusan/Desktop/DSONG/fir_otporan/fir_filtar.srcs/sources_1/new/switch_voter.vhd:37' bound to instance 'other_voter' of component 'switch_voter' [C:/Users/Dusan/Desktop/DSONG/fir_otporan/fir_filtar.srcs/sources_1/new/fir_filtar.vhd:144]
	Parameter REDUNDANCY bound to: 5 - type: integer 
	Parameter WIDTH bound to: 34 - type: integer 
INFO: [Synth 8-3491] module 'switch_voter' declared at 'C:/Users/Dusan/Desktop/DSONG/fir_otporan/fir_filtar.srcs/sources_1/new/switch_voter.vhd:37' bound to instance 'other_voter' of component 'switch_voter' [C:/Users/Dusan/Desktop/DSONG/fir_otporan/fir_filtar.srcs/sources_1/new/fir_filtar.vhd:144]
	Parameter REDUNDANCY bound to: 5 - type: integer 
	Parameter WIDTH bound to: 34 - type: integer 
INFO: [Synth 8-3491] module 'switch_voter' declared at 'C:/Users/Dusan/Desktop/DSONG/fir_otporan/fir_filtar.srcs/sources_1/new/switch_voter.vhd:37' bound to instance 'other_voter' of component 'switch_voter' [C:/Users/Dusan/Desktop/DSONG/fir_otporan/fir_filtar.srcs/sources_1/new/fir_filtar.vhd:144]
	Parameter REDUNDANCY bound to: 5 - type: integer 
	Parameter WIDTH bound to: 34 - type: integer 
INFO: [Synth 8-3491] module 'switch_voter' declared at 'C:/Users/Dusan/Desktop/DSONG/fir_otporan/fir_filtar.srcs/sources_1/new/switch_voter.vhd:37' bound to instance 'other_voter' of component 'switch_voter' [C:/Users/Dusan/Desktop/DSONG/fir_otporan/fir_filtar.srcs/sources_1/new/fir_filtar.vhd:144]
	Parameter REDUNDANCY bound to: 5 - type: integer 
	Parameter WIDTH bound to: 34 - type: integer 
INFO: [Synth 8-3491] module 'switch_voter' declared at 'C:/Users/Dusan/Desktop/DSONG/fir_otporan/fir_filtar.srcs/sources_1/new/switch_voter.vhd:37' bound to instance 'other_voter' of component 'switch_voter' [C:/Users/Dusan/Desktop/DSONG/fir_otporan/fir_filtar.srcs/sources_1/new/fir_filtar.vhd:144]
	Parameter REDUNDANCY bound to: 5 - type: integer 
	Parameter WIDTH bound to: 34 - type: integer 
INFO: [Synth 8-3491] module 'switch_voter' declared at 'C:/Users/Dusan/Desktop/DSONG/fir_otporan/fir_filtar.srcs/sources_1/new/switch_voter.vhd:37' bound to instance 'other_voter' of component 'switch_voter' [C:/Users/Dusan/Desktop/DSONG/fir_otporan/fir_filtar.srcs/sources_1/new/fir_filtar.vhd:144]
	Parameter REDUNDANCY bound to: 5 - type: integer 
	Parameter WIDTH bound to: 34 - type: integer 
INFO: [Synth 8-3491] module 'switch_voter' declared at 'C:/Users/Dusan/Desktop/DSONG/fir_otporan/fir_filtar.srcs/sources_1/new/switch_voter.vhd:37' bound to instance 'other_voter' of component 'switch_voter' [C:/Users/Dusan/Desktop/DSONG/fir_otporan/fir_filtar.srcs/sources_1/new/fir_filtar.vhd:144]
	Parameter REDUNDANCY bound to: 5 - type: integer 
	Parameter WIDTH bound to: 34 - type: integer 
INFO: [Synth 8-3491] module 'switch_voter' declared at 'C:/Users/Dusan/Desktop/DSONG/fir_otporan/fir_filtar.srcs/sources_1/new/switch_voter.vhd:37' bound to instance 'other_voter' of component 'switch_voter' [C:/Users/Dusan/Desktop/DSONG/fir_otporan/fir_filtar.srcs/sources_1/new/fir_filtar.vhd:144]
	Parameter REDUNDANCY bound to: 5 - type: integer 
	Parameter WIDTH bound to: 34 - type: integer 
INFO: [Synth 8-3491] module 'switch_voter' declared at 'C:/Users/Dusan/Desktop/DSONG/fir_otporan/fir_filtar.srcs/sources_1/new/switch_voter.vhd:37' bound to instance 'other_voter' of component 'switch_voter' [C:/Users/Dusan/Desktop/DSONG/fir_otporan/fir_filtar.srcs/sources_1/new/fir_filtar.vhd:144]
	Parameter REDUNDANCY bound to: 5 - type: integer 
	Parameter WIDTH bound to: 34 - type: integer 
INFO: [Synth 8-3491] module 'switch_voter' declared at 'C:/Users/Dusan/Desktop/DSONG/fir_otporan/fir_filtar.srcs/sources_1/new/switch_voter.vhd:37' bound to instance 'other_voter' of component 'switch_voter' [C:/Users/Dusan/Desktop/DSONG/fir_otporan/fir_filtar.srcs/sources_1/new/fir_filtar.vhd:144]
	Parameter REDUNDANCY bound to: 5 - type: integer 
	Parameter WIDTH bound to: 34 - type: integer 
INFO: [Synth 8-3491] module 'switch_voter' declared at 'C:/Users/Dusan/Desktop/DSONG/fir_otporan/fir_filtar.srcs/sources_1/new/switch_voter.vhd:37' bound to instance 'other_voter' of component 'switch_voter' [C:/Users/Dusan/Desktop/DSONG/fir_otporan/fir_filtar.srcs/sources_1/new/fir_filtar.vhd:144]
	Parameter REDUNDANCY bound to: 5 - type: integer 
	Parameter WIDTH bound to: 34 - type: integer 
INFO: [Synth 8-3491] module 'switch_voter' declared at 'C:/Users/Dusan/Desktop/DSONG/fir_otporan/fir_filtar.srcs/sources_1/new/switch_voter.vhd:37' bound to instance 'other_voter' of component 'switch_voter' [C:/Users/Dusan/Desktop/DSONG/fir_otporan/fir_filtar.srcs/sources_1/new/fir_filtar.vhd:144]
	Parameter REDUNDANCY bound to: 5 - type: integer 
	Parameter WIDTH bound to: 34 - type: integer 
INFO: [Synth 8-3491] module 'switch_voter' declared at 'C:/Users/Dusan/Desktop/DSONG/fir_otporan/fir_filtar.srcs/sources_1/new/switch_voter.vhd:37' bound to instance 'other_voter' of component 'switch_voter' [C:/Users/Dusan/Desktop/DSONG/fir_otporan/fir_filtar.srcs/sources_1/new/fir_filtar.vhd:144]
	Parameter REDUNDANCY bound to: 5 - type: integer 
	Parameter WIDTH bound to: 34 - type: integer 
INFO: [Synth 8-3491] module 'switch_voter' declared at 'C:/Users/Dusan/Desktop/DSONG/fir_otporan/fir_filtar.srcs/sources_1/new/switch_voter.vhd:37' bound to instance 'other_voter' of component 'switch_voter' [C:/Users/Dusan/Desktop/DSONG/fir_otporan/fir_filtar.srcs/sources_1/new/fir_filtar.vhd:144]
	Parameter REDUNDANCY bound to: 5 - type: integer 
	Parameter WIDTH bound to: 34 - type: integer 
INFO: [Synth 8-3491] module 'switch_voter' declared at 'C:/Users/Dusan/Desktop/DSONG/fir_otporan/fir_filtar.srcs/sources_1/new/switch_voter.vhd:37' bound to instance 'other_voter' of component 'switch_voter' [C:/Users/Dusan/Desktop/DSONG/fir_otporan/fir_filtar.srcs/sources_1/new/fir_filtar.vhd:144]
INFO: [Synth 8-256] done synthesizing module 'fir_filtar' (3#1) [C:/Users/Dusan/Desktop/DSONG/fir_otporan/fir_filtar.srcs/sources_1/new/fir_filtar.vhd:56]
---------------------------------------------------------------------------------
Finished RTL Elaboration : Time (s): cpu = 00:00:12 ; elapsed = 00:00:12 . Memory (MB): peak = 1207.746 ; gain = 81.637
---------------------------------------------------------------------------------
---------------------------------------------------------------------------------
Start Handling Custom Attributes
---------------------------------------------------------------------------------
---------------------------------------------------------------------------------
Finished Handling Custom Attributes : Time (s): cpu = 00:00:12 ; elapsed = 00:00:13 . Memory (MB): peak = 1207.746 ; gain = 81.637
---------------------------------------------------------------------------------
---------------------------------------------------------------------------------
Finished RTL Optimization Phase 1 : Time (s): cpu = 00:00:12 ; elapsed = 00:00:13 . Memory (MB): peak = 1207.746 ; gain = 81.637
---------------------------------------------------------------------------------
Netlist sorting complete. Time (s): cpu = 00:00:01 ; elapsed = 00:00:01 . Memory (MB): peak = 1207.746 ; gain = 0.000
INFO: [Project 1-570] Preparing netlist for logic optimization

Processing XDC Constraints
Initializing timing engine
Parsing XDC File [C:/Users/Dusan/Desktop/DSONG/fir_otporan/fir_filtar.srcs/constrs_1/new/clock_constraint.xdc]
Finished Parsing XDC File [C:/Users/Dusan/Desktop/DSONG/fir_otporan/fir_filtar.srcs/constrs_1/new/clock_constraint.xdc]
Completed Processing XDC Constraints

Netlist sorting complete. Time (s): cpu = 00:00:00 ; elapsed = 00:00:00.008 . Memory (MB): peak = 1443.773 ; gain = 0.000
INFO: [Project 1-111] Unisim Transformation Summary:
No Unisim elements were transformed.

Constraint Validation Runtime : Time (s): cpu = 00:00:01 ; elapsed = 00:00:00.721 . Memory (MB): peak = 1459.977 ; gain = 16.203
---------------------------------------------------------------------------------
Finished Constraint Validation : Time (s): cpu = 00:00:47 ; elapsed = 00:00:42 . Memory (MB): peak = 1459.977 ; gain = 333.867
---------------------------------------------------------------------------------
---------------------------------------------------------------------------------
Start Loading Part and Timing Information
---------------------------------------------------------------------------------
Loading part: xc7z010clg400-1
---------------------------------------------------------------------------------
Finished Loading Part and Timing Information : Time (s): cpu = 00:00:47 ; elapsed = 00:00:42 . Memory (MB): peak = 1459.977 ; gain = 333.867
---------------------------------------------------------------------------------
---------------------------------------------------------------------------------
Start Applying 'set_property' XDC Constraints
---------------------------------------------------------------------------------
---------------------------------------------------------------------------------
Finished applying 'set_property' XDC Constraints : Time (s): cpu = 00:00:47 ; elapsed = 00:00:42 . Memory (MB): peak = 1459.977 ; gain = 333.867
---------------------------------------------------------------------------------
---------------------------------------------------------------------------------
Finished RTL Optimization Phase 2 : Time (s): cpu = 00:00:49 ; elapsed = 00:00:44 . Memory (MB): peak = 1459.977 ; gain = 333.867
---------------------------------------------------------------------------------
INFO: [Synth 8-223] decloning instance 'first_section_redundancy[0].first_section' (mac) to 'first_section_redundancy[1].first_section'
INFO: [Synth 8-223] decloning instance 'first_section_redundancy[0].first_section' (mac) to 'first_section_redundancy[2].first_section'
INFO: [Synth 8-223] decloning instance 'first_section_redundancy[0].first_section' (mac) to 'first_section_redundancy[3].first_section'
INFO: [Synth 8-223] decloning instance 'first_section_redundancy[0].first_section' (mac) to 'first_section_redundancy[4].first_section'
INFO: [Synth 8-223] decloning instance 'asd_voter' (switch_voter) to 'other_voters[1].other_voter'
---------------------------------------------------------------------------------
Start RTL Component Statistics 
---------------------------------------------------------------------------------
Detailed RTL Component Info : 
+---Adders : 
	   4 Input   32 Bit       Adders := 665   
	   2 Input    3 Bit       Adders := 665   
+---Registers : 
	              170 Bit    Registers := 19    
	               34 Bit    Registers := 19    
	               17 Bit    Registers := 118   
	                5 Bit    Registers := 19    
	                3 Bit    Registers := 19    
+---Muxes : 
	   2 Input   34 Bit        Muxes := 95    
	   2 Input    4 Bit        Muxes := 665   
	   2 Input    2 Bit        Muxes := 665   
	   2 Input    1 Bit        Muxes := 76    
	   3 Input    1 Bit        Muxes := 1     
---------------------------------------------------------------------------------
Finished RTL Component Statistics 
---------------------------------------------------------------------------------
---------------------------------------------------------------------------------
Start Part Resource Summary
---------------------------------------------------------------------------------
Part Resources:
DSPs: 80 (col length:40)
BRAMs: 120 (col length: RAMB18 40 RAMB36 20)
---------------------------------------------------------------------------------
Finished Part Resource Summary
---------------------------------------------------------------------------------
---------------------------------------------------------------------------------
Start Cross Boundary and Area Optimization
---------------------------------------------------------------------------------
DSP Report: Generating DSP sum_reg_reg, operation Mode is: (C+(A2*B2)')'.
DSP Report: register b_reg_reg is absorbed into DSP sum_reg_reg.
DSP Report: register a_reg_reg is absorbed into DSP sum_reg_reg.
DSP Report: register sum_reg_reg is absorbed into DSP sum_reg_reg.
DSP Report: register m_reg_reg is absorbed into DSP sum_reg_reg.
DSP Report: operator sum_next is absorbed into DSP sum_reg_reg.
DSP Report: operator m_next is absorbed into DSP sum_reg_reg.
DSP Report: Generating DSP sum_reg_reg, operation Mode is: (C+(A2*B2)')'.
DSP Report: register b_reg_reg is absorbed into DSP sum_reg_reg.
DSP Report: register a_reg_reg is absorbed into DSP sum_reg_reg.
DSP Report: register sum_reg_reg is absorbed into DSP sum_reg_reg.
DSP Report: register m_reg_reg is absorbed into DSP sum_reg_reg.
DSP Report: operator sum_next is absorbed into DSP sum_reg_reg.
DSP Report: operator m_next is absorbed into DSP sum_reg_reg.
DSP Report: Generating DSP sum_reg_reg, operation Mode is: (C+(A2*B2)')'.
DSP Report: register b_reg_reg is absorbed into DSP sum_reg_reg.
DSP Report: register a_reg_reg is absorbed into DSP sum_reg_reg.
DSP Report: register sum_reg_reg is absorbed into DSP sum_reg_reg.
DSP Report: register m_reg_reg is absorbed into DSP sum_reg_reg.
DSP Report: operator sum_next is absorbed into DSP sum_reg_reg.
DSP Report: operator m_next is absorbed into DSP sum_reg_reg.
DSP Report: Generating DSP sum_reg_reg, operation Mode is: (C+(A2*B2)')'.
DSP Report: register b_reg_reg is absorbed into DSP sum_reg_reg.
DSP Report: register a_reg_reg is absorbed into DSP sum_reg_reg.
DSP Report: register sum_reg_reg is absorbed into DSP sum_reg_reg.
DSP Report: register m_reg_reg is absorbed into DSP sum_reg_reg.
DSP Report: operator sum_next is absorbed into DSP sum_reg_reg.
DSP Report: operator m_next is absorbed into DSP sum_reg_reg.
DSP Report: Generating DSP sum_reg_reg, operation Mode is: (C+(A2*B2)')'.
DSP Report: register b_reg_reg is absorbed into DSP sum_reg_reg.
DSP Report: register a_reg_reg is absorbed into DSP sum_reg_reg.
DSP Report: register sum_reg_reg is absorbed into DSP sum_reg_reg.
DSP Report: register m_reg_reg is absorbed into DSP sum_reg_reg.
DSP Report: operator sum_next is absorbed into DSP sum_reg_reg.
DSP Report: operator m_next is absorbed into DSP sum_reg_reg.
DSP Report: Generating DSP sum_reg_reg, operation Mode is: (C+(A2*B2)')'.
DSP Report: register b_reg_reg is absorbed into DSP sum_reg_reg.
DSP Report: register a_reg_reg is absorbed into DSP sum_reg_reg.
DSP Report: register sum_reg_reg is absorbed into DSP sum_reg_reg.
DSP Report: register m_reg_reg is absorbed into DSP sum_reg_reg.
DSP Report: operator sum_next is absorbed into DSP sum_reg_reg.
DSP Report: operator m_next is absorbed into DSP sum_reg_reg.
DSP Report: Generating DSP sum_reg_reg, operation Mode is: (C+(A2*B2)')'.
DSP Report: register b_reg_reg is absorbed into DSP sum_reg_reg.
DSP Report: register a_reg_reg is absorbed into DSP sum_reg_reg.
DSP Report: register sum_reg_reg is absorbed into DSP sum_reg_reg.
DSP Report: register m_reg_reg is absorbed into DSP sum_reg_reg.
DSP Report: operator sum_next is absorbed into DSP sum_reg_reg.
DSP Report: operator m_next is absorbed into DSP sum_reg_reg.
DSP Report: Generating DSP sum_reg_reg, operation Mode is: (C+(A2*B2)')'.
DSP Report: register b_reg_reg is absorbed into DSP sum_reg_reg.
DSP Report: register a_reg_reg is absorbed into DSP sum_reg_reg.
DSP Report: register sum_reg_reg is absorbed into DSP sum_reg_reg.
DSP Report: register m_reg_reg is absorbed into DSP sum_reg_reg.
DSP Report: operator sum_next is absorbed into DSP sum_reg_reg.
DSP Report: operator m_next is absorbed into DSP sum_reg_reg.
DSP Report: Generating DSP sum_reg_reg, operation Mode is: (C+(A2*B2)')'.
DSP Report: register b_reg_reg is absorbed into DSP sum_reg_reg.
DSP Report: register a_reg_reg is absorbed into DSP sum_reg_reg.
DSP Report: register sum_reg_reg is absorbed into DSP sum_reg_reg.
DSP Report: register m_reg_reg is absorbed into DSP sum_reg_reg.
DSP Report: operator sum_next is absorbed into DSP sum_reg_reg.
DSP Report: operator m_next is absorbed into DSP sum_reg_reg.
DSP Report: Generating DSP sum_reg_reg, operation Mode is: (C+(A2*B2)')'.
DSP Report: register b_reg_reg is absorbed into DSP sum_reg_reg.
DSP Report: register a_reg_reg is absorbed into DSP sum_reg_reg.
DSP Report: register sum_reg_reg is absorbed into DSP sum_reg_reg.
DSP Report: register m_reg_reg is absorbed into DSP sum_reg_reg.
DSP Report: operator sum_next is absorbed into DSP sum_reg_reg.
DSP Report: operator m_next is absorbed into DSP sum_reg_reg.
DSP Report: Generating DSP sum_reg_reg, operation Mode is: (C+(A2*B2)')'.
DSP Report: register b_reg_reg is absorbed into DSP sum_reg_reg.
DSP Report: register a_reg_reg is absorbed into DSP sum_reg_reg.
DSP Report: register sum_reg_reg is absorbed into DSP sum_reg_reg.
DSP Report: register m_reg_reg is absorbed into DSP sum_reg_reg.
DSP Report: operator sum_next is absorbed into DSP sum_reg_reg.
DSP Report: operator m_next is absorbed into DSP sum_reg_reg.
DSP Report: Generating DSP sum_reg_reg, operation Mode is: (C+(A2*B2)')'.
DSP Report: register b_reg_reg is absorbed into DSP sum_reg_reg.
DSP Report: register a_reg_reg is absorbed into DSP sum_reg_reg.
DSP Report: register sum_reg_reg is absorbed into DSP sum_reg_reg.
DSP Report: register m_reg_reg is absorbed into DSP sum_reg_reg.
DSP Report: operator sum_next is absorbed into DSP sum_reg_reg.
DSP Report: operator m_next is absorbed into DSP sum_reg_reg.
DSP Report: Generating DSP sum_reg_reg, operation Mode is: (C+(A2*B2)')'.
DSP Report: register b_reg_reg is absorbed into DSP sum_reg_reg.
DSP Report: register a_reg_reg is absorbed into DSP sum_reg_reg.
DSP Report: register sum_reg_reg is absorbed into DSP sum_reg_reg.
DSP Report: register m_reg_reg is absorbed into DSP sum_reg_reg.
DSP Report: operator sum_next is absorbed into DSP sum_reg_reg.
DSP Report: operator m_next is absorbed into DSP sum_reg_reg.
DSP Report: Generating DSP sum_reg_reg, operation Mode is: (C+(A2*B2)')'.
DSP Report: register b_reg_reg is absorbed into DSP sum_reg_reg.
DSP Report: register a_reg_reg is absorbed into DSP sum_reg_reg.
DSP Report: register sum_reg_reg is absorbed into DSP sum_reg_reg.
DSP Report: register m_reg_reg is absorbed into DSP sum_reg_reg.
DSP Report: operator sum_next is absorbed into DSP sum_reg_reg.
DSP Report: operator m_next is absorbed into DSP sum_reg_reg.
DSP Report: Generating DSP sum_reg_reg, operation Mode is: (C+(A2*B2)')'.
DSP Report: register b_reg_reg is absorbed into DSP sum_reg_reg.
DSP Report: register a_reg_reg is absorbed into DSP sum_reg_reg.
DSP Report: register sum_reg_reg is absorbed into DSP sum_reg_reg.
DSP Report: register m_reg_reg is absorbed into DSP sum_reg_reg.
DSP Report: operator sum_next is absorbed into DSP sum_reg_reg.
DSP Report: operator m_next is absorbed into DSP sum_reg_reg.
DSP Report: Generating DSP sum_reg_reg, operation Mode is: (C+(A2*B2)')'.
DSP Report: register b_reg_reg is absorbed into DSP sum_reg_reg.
DSP Report: register a_reg_reg is absorbed into DSP sum_reg_reg.
DSP Report: register sum_reg_reg is absorbed into DSP sum_reg_reg.
DSP Report: register m_reg_reg is absorbed into DSP sum_reg_reg.
DSP Report: operator sum_next is absorbed into DSP sum_reg_reg.
DSP Report: operator m_next is absorbed into DSP sum_reg_reg.
DSP Report: Generating DSP sum_reg_reg, operation Mode is: (C+(A2*B2)')'.
DSP Report: register b_reg_reg is absorbed into DSP sum_reg_reg.
DSP Report: register a_reg_reg is absorbed into DSP sum_reg_reg.
DSP Report: register sum_reg_reg is absorbed into DSP sum_reg_reg.
DSP Report: register m_reg_reg is absorbed into DSP sum_reg_reg.
DSP Report: operator sum_next is absorbed into DSP sum_reg_reg.
DSP Report: operator m_next is absorbed into DSP sum_reg_reg.
DSP Report: Generating DSP sum_reg_reg, operation Mode is: (C+(A2*B2)')'.
DSP Report: register b_reg_reg is absorbed into DSP sum_reg_reg.
DSP Report: register a_reg_reg is absorbed into DSP sum_reg_reg.
DSP Report: register sum_reg_reg is absorbed into DSP sum_reg_reg.
DSP Report: register m_reg_reg is absorbed into DSP sum_reg_reg.
DSP Report: operator sum_next is absorbed into DSP sum_reg_reg.
DSP Report: operator m_next is absorbed into DSP sum_reg_reg.
DSP Report: Generating DSP sum_reg_reg, operation Mode is: (C+(A2*B2)')'.
DSP Report: register b_reg_reg is absorbed into DSP sum_reg_reg.
DSP Report: register a_reg_reg is absorbed into DSP sum_reg_reg.
DSP Report: register sum_reg_reg is absorbed into DSP sum_reg_reg.
DSP Report: register m_reg_reg is absorbed into DSP sum_reg_reg.
DSP Report: operator sum_next is absorbed into DSP sum_reg_reg.
DSP Report: operator m_next is absorbed into DSP sum_reg_reg.
DSP Report: Generating DSP sum_reg_reg, operation Mode is: (C+(A2*B2)')'.
DSP Report: register b_reg_reg is absorbed into DSP sum_reg_reg.
DSP Report: register a_reg_reg is absorbed into DSP sum_reg_reg.
DSP Report: register sum_reg_reg is absorbed into DSP sum_reg_reg.
DSP Report: register m_reg_reg is absorbed into DSP sum_reg_reg.
DSP Report: operator sum_next is absorbed into DSP sum_reg_reg.
DSP Report: operator m_next is absorbed into DSP sum_reg_reg.
DSP Report: Generating DSP sum_reg_reg, operation Mode is: (C+(A2*B2)')'.
DSP Report: register b_reg_reg is absorbed into DSP sum_reg_reg.
DSP Report: register a_reg_reg is absorbed into DSP sum_reg_reg.
DSP Report: register sum_reg_reg is absorbed into DSP sum_reg_reg.
DSP Report: register m_reg_reg is absorbed into DSP sum_reg_reg.
DSP Report: operator sum_next is absorbed into DSP sum_reg_reg.
DSP Report: operator m_next is absorbed into DSP sum_reg_reg.
DSP Report: Generating DSP sum_reg_reg, operation Mode is: (C+(A2*B2)')'.
DSP Report: register b_reg_reg is absorbed into DSP sum_reg_reg.
DSP Report: register a_reg_reg is absorbed into DSP sum_reg_reg.
DSP Report: register sum_reg_reg is absorbed into DSP sum_reg_reg.
DSP Report: register m_reg_reg is absorbed into DSP sum_reg_reg.
DSP Report: operator sum_next is absorbed into DSP sum_reg_reg.
DSP Report: operator m_next is absorbed into DSP sum_reg_reg.
DSP Report: Generating DSP sum_reg_reg, operation Mode is: (C+(A2*B2)')'.
DSP Report: register b_reg_reg is absorbed into DSP sum_reg_reg.
DSP Report: register a_reg_reg is absorbed into DSP sum_reg_reg.
DSP Report: register sum_reg_reg is absorbed into DSP sum_reg_reg.
DSP Report: register m_reg_reg is absorbed into DSP sum_reg_reg.
DSP Report: operator sum_next is absorbed into DSP sum_reg_reg.
DSP Report: operator m_next is absorbed into DSP sum_reg_reg.
DSP Report: Generating DSP sum_reg_reg, operation Mode is: (C+(A2*B2)')'.
DSP Report: register b_reg_reg is absorbed into DSP sum_reg_reg.
DSP Report: register a_reg_reg is absorbed into DSP sum_reg_reg.
DSP Report: register sum_reg_reg is absorbed into DSP sum_reg_reg.
DSP Report: register m_reg_reg is absorbed into DSP sum_reg_reg.
DSP Report: operator sum_next is absorbed into DSP sum_reg_reg.
DSP Report: operator m_next is absorbed into DSP sum_reg_reg.
DSP Report: Generating DSP sum_reg_reg, operation Mode is: (C+(A2*B2)')'.
DSP Report: register b_reg_reg is absorbed into DSP sum_reg_reg.
DSP Report: register a_reg_reg is absorbed into DSP sum_reg_reg.
DSP Report: register sum_reg_reg is absorbed into DSP sum_reg_reg.
DSP Report: register m_reg_reg is absorbed into DSP sum_reg_reg.
DSP Report: operator sum_next is absorbed into DSP sum_reg_reg.
DSP Report: operator m_next is absorbed into DSP sum_reg_reg.
DSP Report: Generating DSP sum_reg_reg, operation Mode is: (C+(A2*B2)')'.
DSP Report: register b_reg_reg is absorbed into DSP sum_reg_reg.
DSP Report: register a_reg_reg is absorbed into DSP sum_reg_reg.
DSP Report: register sum_reg_reg is absorbed into DSP sum_reg_reg.
DSP Report: register m_reg_reg is absorbed into DSP sum_reg_reg.
DSP Report: operator sum_next is absorbed into DSP sum_reg_reg.
DSP Report: operator m_next is absorbed into DSP sum_reg_reg.
DSP Report: Generating DSP sum_reg_reg, operation Mode is: (C+(A2*B2)')'.
DSP Report: register b_reg_reg is absorbed into DSP sum_reg_reg.
DSP Report: register a_reg_reg is absorbed into DSP sum_reg_reg.
DSP Report: register sum_reg_reg is absorbed into DSP sum_reg_reg.
DSP Report: register m_reg_reg is absorbed into DSP sum_reg_reg.
DSP Report: operator sum_next is absorbed into DSP sum_reg_reg.
DSP Report: operator m_next is absorbed into DSP sum_reg_reg.
DSP Report: Generating DSP sum_reg_reg, operation Mode is: (C+(A2*B2)')'.
DSP Report: register b_reg_reg is absorbed into DSP sum_reg_reg.
DSP Report: register a_reg_reg is absorbed into DSP sum_reg_reg.
DSP Report: register sum_reg_reg is absorbed into DSP sum_reg_reg.
DSP Report: register m_reg_reg is absorbed into DSP sum_reg_reg.
DSP Report: operator sum_next is absorbed into DSP sum_reg_reg.
DSP Report: operator m_next is absorbed into DSP sum_reg_reg.
DSP Report: Generating DSP sum_reg_reg, operation Mode is: (C+(A2*B2)')'.
DSP Report: register b_reg_reg is absorbed into DSP sum_reg_reg.
DSP Report: register a_reg_reg is absorbed into DSP sum_reg_reg.
DSP Report: register sum_reg_reg is absorbed into DSP sum_reg_reg.
DSP Report: register m_reg_reg is absorbed into DSP sum_reg_reg.
DSP Report: operator sum_next is absorbed into DSP sum_reg_reg.
DSP Report: operator m_next is absorbed into DSP sum_reg_reg.
DSP Report: Generating DSP sum_reg_reg, operation Mode is: (C+(A2*B2)')'.
DSP Report: register b_reg_reg is absorbed into DSP sum_reg_reg.
DSP Report: register a_reg_reg is absorbed into DSP sum_reg_reg.
DSP Report: register sum_reg_reg is absorbed into DSP sum_reg_reg.
DSP Report: register m_reg_reg is absorbed into DSP sum_reg_reg.
DSP Report: operator sum_next is absorbed into DSP sum_reg_reg.
DSP Report: operator m_next is absorbed into DSP sum_reg_reg.
DSP Report: Generating DSP sum_reg_reg, operation Mode is: (C+(A2*B2)')'.
DSP Report: register b_reg_reg is absorbed into DSP sum_reg_reg.
DSP Report: register a_reg_reg is absorbed into DSP sum_reg_reg.
DSP Report: register sum_reg_reg is absorbed into DSP sum_reg_reg.
DSP Report: register m_reg_reg is absorbed into DSP sum_reg_reg.
DSP Report: operator sum_next is absorbed into DSP sum_reg_reg.
DSP Report: operator m_next is absorbed into DSP sum_reg_reg.
DSP Report: Generating DSP sum_reg_reg, operation Mode is: (C+(A2*B2)')'.
DSP Report: register b_reg_reg is absorbed into DSP sum_reg_reg.
DSP Report: register a_reg_reg is absorbed into DSP sum_reg_reg.
DSP Report: register sum_reg_reg is absorbed into DSP sum_reg_reg.
DSP Report: register m_reg_reg is absorbed into DSP sum_reg_reg.
DSP Report: operator sum_next is absorbed into DSP sum_reg_reg.
DSP Report: operator m_next is absorbed into DSP sum_reg_reg.
DSP Report: Generating DSP sum_reg_reg, operation Mode is: (C+(A2*B2)')'.
DSP Report: register b_reg_reg is absorbed into DSP sum_reg_reg.
DSP Report: register a_reg_reg is absorbed into DSP sum_reg_reg.
DSP Report: register sum_reg_reg is absorbed into DSP sum_reg_reg.
DSP Report: register m_reg_reg is absorbed into DSP sum_reg_reg.
DSP Report: operator sum_next is absorbed into DSP sum_reg_reg.
DSP Report: operator m_next is absorbed into DSP sum_reg_reg.
DSP Report: Generating DSP sum_reg_reg, operation Mode is: (C+(A2*B2)')'.
DSP Report: register b_reg_reg is absorbed into DSP sum_reg_reg.
DSP Report: register a_reg_reg is absorbed into DSP sum_reg_reg.
DSP Report: register sum_reg_reg is absorbed into DSP sum_reg_reg.
DSP Report: register m_reg_reg is absorbed into DSP sum_reg_reg.
DSP Report: operator sum_next is absorbed into DSP sum_reg_reg.
DSP Report: operator m_next is absorbed into DSP sum_reg_reg.
DSP Report: Generating DSP sum_reg_reg, operation Mode is: (C+(A2*B2)')'.
DSP Report: register b_reg_reg is absorbed into DSP sum_reg_reg.
DSP Report: register a_reg_reg is absorbed into DSP sum_reg_reg.
DSP Report: register sum_reg_reg is absorbed into DSP sum_reg_reg.
DSP Report: register m_reg_reg is absorbed into DSP sum_reg_reg.
DSP Report: operator sum_next is absorbed into DSP sum_reg_reg.
DSP Report: operator m_next is absorbed into DSP sum_reg_reg.
DSP Report: Generating DSP sum_reg_reg, operation Mode is: (C+(A2*B2)')'.
DSP Report: register b_reg_reg is absorbed into DSP sum_reg_reg.
DSP Report: register a_reg_reg is absorbed into DSP sum_reg_reg.
DSP Report: register sum_reg_reg is absorbed into DSP sum_reg_reg.
DSP Report: register m_reg_reg is absorbed into DSP sum_reg_reg.
DSP Report: operator sum_next is absorbed into DSP sum_reg_reg.
DSP Report: operator m_next is absorbed into DSP sum_reg_reg.
DSP Report: Generating DSP sum_reg_reg, operation Mode is: (C+(A2*B2)')'.
DSP Report: register b_reg_reg is absorbed into DSP sum_reg_reg.
DSP Report: register a_reg_reg is absorbed into DSP sum_reg_reg.
DSP Report: register sum_reg_reg is absorbed into DSP sum_reg_reg.
DSP Report: register m_reg_reg is absorbed into DSP sum_reg_reg.
DSP Report: operator sum_next is absorbed into DSP sum_reg_reg.
DSP Report: operator m_next is absorbed into DSP sum_reg_reg.
DSP Report: Generating DSP sum_reg_reg, operation Mode is: (C+(A2*B2)')'.
DSP Report: register b_reg_reg is absorbed into DSP sum_reg_reg.
DSP Report: register a_reg_reg is absorbed into DSP sum_reg_reg.
DSP Report: register sum_reg_reg is absorbed into DSP sum_reg_reg.
DSP Report: register m_reg_reg is absorbed into DSP sum_reg_reg.
DSP Report: operator sum_next is absorbed into DSP sum_reg_reg.
DSP Report: operator m_next is absorbed into DSP sum_reg_reg.
DSP Report: Generating DSP sum_reg_reg, operation Mode is: (C+(A2*B2)')'.
DSP Report: register b_reg_reg is absorbed into DSP sum_reg_reg.
DSP Report: register a_reg_reg is absorbed into DSP sum_reg_reg.
DSP Report: register sum_reg_reg is absorbed into DSP sum_reg_reg.
DSP Report: register m_reg_reg is absorbed into DSP sum_reg_reg.
DSP Report: operator sum_next is absorbed into DSP sum_reg_reg.
DSP Report: operator m_next is absorbed into DSP sum_reg_reg.
DSP Report: Generating DSP sum_reg_reg, operation Mode is: (C+(A2*B2)')'.
DSP Report: register b_reg_reg is absorbed into DSP sum_reg_reg.
DSP Report: register a_reg_reg is absorbed into DSP sum_reg_reg.
DSP Report: register sum_reg_reg is absorbed into DSP sum_reg_reg.
DSP Report: register m_reg_reg is absorbed into DSP sum_reg_reg.
DSP Report: operator sum_next is absorbed into DSP sum_reg_reg.
DSP Report: operator m_next is absorbed into DSP sum_reg_reg.
DSP Report: Generating DSP sum_reg_reg, operation Mode is: (C+(A2*B2)')'.
DSP Report: register b_reg_reg is absorbed into DSP sum_reg_reg.
DSP Report: register a_reg_reg is absorbed into DSP sum_reg_reg.
DSP Report: register sum_reg_reg is absorbed into DSP sum_reg_reg.
DSP Report: register m_reg_reg is absorbed into DSP sum_reg_reg.
DSP Report: operator sum_next is absorbed into DSP sum_reg_reg.
DSP Report: operator m_next is absorbed into DSP sum_reg_reg.
DSP Report: Generating DSP sum_reg_reg, operation Mode is: (C+(A2*B2)')'.
DSP Report: register b_reg_reg is absorbed into DSP sum_reg_reg.
DSP Report: register a_reg_reg is absorbed into DSP sum_reg_reg.
DSP Report: register sum_reg_reg is absorbed into DSP sum_reg_reg.
DSP Report: register m_reg_reg is absorbed into DSP sum_reg_reg.
DSP Report: operator sum_next is absorbed into DSP sum_reg_reg.
DSP Report: operator m_next is absorbed into DSP sum_reg_reg.
DSP Report: Generating DSP sum_reg_reg, operation Mode is: (C+(A2*B2)')'.
DSP Report: register b_reg_reg is absorbed into DSP sum_reg_reg.
DSP Report: register a_reg_reg is absorbed into DSP sum_reg_reg.
DSP Report: register sum_reg_reg is absorbed into DSP sum_reg_reg.
DSP Report: register m_reg_reg is absorbed into DSP sum_reg_reg.
DSP Report: operator sum_next is absorbed into DSP sum_reg_reg.
DSP Report: operator m_next is absorbed into DSP sum_reg_reg.
DSP Report: Generating DSP sum_reg_reg, operation Mode is: (C+(A2*B2)')'.
DSP Report: register b_reg_reg is absorbed into DSP sum_reg_reg.
DSP Report: register a_reg_reg is absorbed into DSP sum_reg_reg.
DSP Report: register sum_reg_reg is absorbed into DSP sum_reg_reg.
DSP Report: register m_reg_reg is absorbed into DSP sum_reg_reg.
DSP Report: operator sum_next is absorbed into DSP sum_reg_reg.
DSP Report: operator m_next is absorbed into DSP sum_reg_reg.
DSP Report: Generating DSP sum_reg_reg, operation Mode is: (C+(A2*B2)')'.
DSP Report: register b_reg_reg is absorbed into DSP sum_reg_reg.
DSP Report: register a_reg_reg is absorbed into DSP sum_reg_reg.
DSP Report: register sum_reg_reg is absorbed into DSP sum_reg_reg.
DSP Report: register m_reg_reg is absorbed into DSP sum_reg_reg.
DSP Report: operator sum_next is absorbed into DSP sum_reg_reg.
DSP Report: operator m_next is absorbed into DSP sum_reg_reg.
DSP Report: Generating DSP sum_reg_reg, operation Mode is: (C+(A2*B2)')'.
DSP Report: register b_reg_reg is absorbed into DSP sum_reg_reg.
DSP Report: register a_reg_reg is absorbed into DSP sum_reg_reg.
DSP Report: register sum_reg_reg is absorbed into DSP sum_reg_reg.
DSP Report: register m_reg_reg is absorbed into DSP sum_reg_reg.
DSP Report: operator sum_next is absorbed into DSP sum_reg_reg.
DSP Report: operator m_next is absorbed into DSP sum_reg_reg.
DSP Report: Generating DSP sum_reg_reg, operation Mode is: (C+(A2*B2)')'.
DSP Report: register b_reg_reg is absorbed into DSP sum_reg_reg.
DSP Report: register a_reg_reg is absorbed into DSP sum_reg_reg.
DSP Report: register sum_reg_reg is absorbed into DSP sum_reg_reg.
DSP Report: register m_reg_reg is absorbed into DSP sum_reg_reg.
DSP Report: operator sum_next is absorbed into DSP sum_reg_reg.
DSP Report: operator m_next is absorbed into DSP sum_reg_reg.
DSP Report: Generating DSP sum_reg_reg, operation Mode is: (C+(A2*B2)')'.
DSP Report: register b_reg_reg is absorbed into DSP sum_reg_reg.
DSP Report: register a_reg_reg is absorbed into DSP sum_reg_reg.
DSP Report: register sum_reg_reg is absorbed into DSP sum_reg_reg.
DSP Report: register m_reg_reg is absorbed into DSP sum_reg_reg.
DSP Report: operator sum_next is absorbed into DSP sum_reg_reg.
DSP Report: operator m_next is absorbed into DSP sum_reg_reg.
DSP Report: Generating DSP sum_reg_reg, operation Mode is: (C+(A2*B2)')'.
DSP Report: register b_reg_reg is absorbed into DSP sum_reg_reg.
DSP Report: register a_reg_reg is absorbed into DSP sum_reg_reg.
DSP Report: register sum_reg_reg is absorbed into DSP sum_reg_reg.
DSP Report: register m_reg_reg is absorbed into DSP sum_reg_reg.
DSP Report: operator sum_next is absorbed into DSP sum_reg_reg.
DSP Report: operator m_next is absorbed into DSP sum_reg_reg.
DSP Report: Generating DSP sum_reg_reg, operation Mode is: (C+(A2*B2)')'.
DSP Report: register b_reg_reg is absorbed into DSP sum_reg_reg.
DSP Report: register a_reg_reg is absorbed into DSP sum_reg_reg.
DSP Report: register sum_reg_reg is absorbed into DSP sum_reg_reg.
DSP Report: register m_reg_reg is absorbed into DSP sum_reg_reg.
DSP Report: operator sum_next is absorbed into DSP sum_reg_reg.
DSP Report: operator m_next is absorbed into DSP sum_reg_reg.
DSP Report: Generating DSP sum_reg_reg, operation Mode is: (C+(A2*B2)')'.
DSP Report: register b_reg_reg is absorbed into DSP sum_reg_reg.
DSP Report: register a_reg_reg is absorbed into DSP sum_reg_reg.
DSP Report: register sum_reg_reg is absorbed into DSP sum_reg_reg.
DSP Report: register m_reg_reg is absorbed into DSP sum_reg_reg.
DSP Report: operator sum_next is absorbed into DSP sum_reg_reg.
DSP Report: operator m_next is absorbed into DSP sum_reg_reg.
DSP Report: Generating DSP sum_reg_reg, operation Mode is: (C+(A2*B2)')'.
DSP Report: register b_reg_reg is absorbed into DSP sum_reg_reg.
DSP Report: register a_reg_reg is absorbed into DSP sum_reg_reg.
DSP Report: register sum_reg_reg is absorbed into DSP sum_reg_reg.
DSP Report: register m_reg_reg is absorbed into DSP sum_reg_reg.
DSP Report: operator sum_next is absorbed into DSP sum_reg_reg.
DSP Report: operator m_next is absorbed into DSP sum_reg_reg.
DSP Report: Generating DSP sum_reg_reg, operation Mode is: (C+(A2*B2)')'.
DSP Report: register b_reg_reg is absorbed into DSP sum_reg_reg.
DSP Report: register a_reg_reg is absorbed into DSP sum_reg_reg.
DSP Report: register sum_reg_reg is absorbed into DSP sum_reg_reg.
DSP Report: register m_reg_reg is absorbed into DSP sum_reg_reg.
DSP Report: operator sum_next is absorbed into DSP sum_reg_reg.
DSP Report: operator m_next is absorbed into DSP sum_reg_reg.
DSP Report: Generating DSP sum_reg_reg, operation Mode is: (C+(A2*B2)')'.
DSP Report: register b_reg_reg is absorbed into DSP sum_reg_reg.
DSP Report: register a_reg_reg is absorbed into DSP sum_reg_reg.
DSP Report: register sum_reg_reg is absorbed into DSP sum_reg_reg.
DSP Report: register m_reg_reg is absorbed into DSP sum_reg_reg.
DSP Report: operator sum_next is absorbed into DSP sum_reg_reg.
DSP Report: operator m_next is absorbed into DSP sum_reg_reg.
DSP Report: Generating DSP sum_reg_reg, operation Mode is: (C+(A2*B2)')'.
DSP Report: register b_reg_reg is absorbed into DSP sum_reg_reg.
DSP Report: register a_reg_reg is absorbed into DSP sum_reg_reg.
DSP Report: register sum_reg_reg is absorbed into DSP sum_reg_reg.
DSP Report: register m_reg_reg is absorbed into DSP sum_reg_reg.
DSP Report: operator sum_next is absorbed into DSP sum_reg_reg.
DSP Report: operator m_next is absorbed into DSP sum_reg_reg.
DSP Report: Generating DSP sum_reg_reg, operation Mode is: (C+(A2*B2)')'.
DSP Report: register b_reg_reg is absorbed into DSP sum_reg_reg.
DSP Report: register a_reg_reg is absorbed into DSP sum_reg_reg.
DSP Report: register sum_reg_reg is absorbed into DSP sum_reg_reg.
DSP Report: register m_reg_reg is absorbed into DSP sum_reg_reg.
DSP Report: operator sum_next is absorbed into DSP sum_reg_reg.
DSP Report: operator m_next is absorbed into DSP sum_reg_reg.
DSP Report: Generating DSP sum_reg_reg, operation Mode is: (C+(A2*B2)')'.
DSP Report: register b_reg_reg is absorbed into DSP sum_reg_reg.
DSP Report: register a_reg_reg is absorbed into DSP sum_reg_reg.
DSP Report: register sum_reg_reg is absorbed into DSP sum_reg_reg.
DSP Report: register m_reg_reg is absorbed into DSP sum_reg_reg.
DSP Report: operator sum_next is absorbed into DSP sum_reg_reg.
DSP Report: operator m_next is absorbed into DSP sum_reg_reg.
DSP Report: Generating DSP sum_reg_reg, operation Mode is: (C+(A2*B2)')'.
DSP Report: register b_reg_reg is absorbed into DSP sum_reg_reg.
DSP Report: register a_reg_reg is absorbed into DSP sum_reg_reg.
DSP Report: register sum_reg_reg is absorbed into DSP sum_reg_reg.
DSP Report: register m_reg_reg is absorbed into DSP sum_reg_reg.
DSP Report: operator sum_next is absorbed into DSP sum_reg_reg.
DSP Report: operator m_next is absorbed into DSP sum_reg_reg.
DSP Report: Generating DSP sum_reg_reg, operation Mode is: (C+(A2*B2)')'.
DSP Report: register b_reg_reg is absorbed into DSP sum_reg_reg.
DSP Report: register a_reg_reg is absorbed into DSP sum_reg_reg.
DSP Report: register sum_reg_reg is absorbed into DSP sum_reg_reg.
DSP Report: register m_reg_reg is absorbed into DSP sum_reg_reg.
DSP Report: operator sum_next is absorbed into DSP sum_reg_reg.
DSP Report: operator m_next is absorbed into DSP sum_reg_reg.
DSP Report: Generating DSP sum_reg_reg, operation Mode is: (C+(A2*B2)')'.
DSP Report: register b_reg_reg is absorbed into DSP sum_reg_reg.
DSP Report: register a_reg_reg is absorbed into DSP sum_reg_reg.
DSP Report: register sum_reg_reg is absorbed into DSP sum_reg_reg.
DSP Report: register m_reg_reg is absorbed into DSP sum_reg_reg.
DSP Report: operator sum_next is absorbed into DSP sum_reg_reg.
DSP Report: operator m_next is absorbed into DSP sum_reg_reg.
DSP Report: Generating DSP sum_reg_reg, operation Mode is: (C+(A2*B2)')'.
DSP Report: register b_reg_reg is absorbed into DSP sum_reg_reg.
DSP Report: register a_reg_reg is absorbed into DSP sum_reg_reg.
DSP Report: register sum_reg_reg is absorbed into DSP sum_reg_reg.
DSP Report: register m_reg_reg is absorbed into DSP sum_reg_reg.
DSP Report: operator sum_next is absorbed into DSP sum_reg_reg.
DSP Report: operator m_next is absorbed into DSP sum_reg_reg.
DSP Report: Generating DSP sum_reg_reg, operation Mode is: (C+(A2*B2)')'.
DSP Report: register b_reg_reg is absorbed into DSP sum_reg_reg.
DSP Report: register a_reg_reg is absorbed into DSP sum_reg_reg.
DSP Report: register sum_reg_reg is absorbed into DSP sum_reg_reg.
DSP Report: register m_reg_reg is absorbed into DSP sum_reg_reg.
DSP Report: operator sum_next is absorbed into DSP sum_reg_reg.
DSP Report: operator m_next is absorbed into DSP sum_reg_reg.
DSP Report: Generating DSP sum_reg_reg, operation Mode is: (C+(A2*B2)')'.
DSP Report: register b_reg_reg is absorbed into DSP sum_reg_reg.
DSP Report: register a_reg_reg is absorbed into DSP sum_reg_reg.
DSP Report: register sum_reg_reg is absorbed into DSP sum_reg_reg.
DSP Report: register m_reg_reg is absorbed into DSP sum_reg_reg.
DSP Report: operator sum_next is absorbed into DSP sum_reg_reg.
DSP Report: operator m_next is absorbed into DSP sum_reg_reg.
DSP Report: Generating DSP sum_reg_reg, operation Mode is: (C+(A2*B2)')'.
DSP Report: register b_reg_reg is absorbed into DSP sum_reg_reg.
DSP Report: register a_reg_reg is absorbed into DSP sum_reg_reg.
DSP Report: register sum_reg_reg is absorbed into DSP sum_reg_reg.
DSP Report: register m_reg_reg is absorbed into DSP sum_reg_reg.
DSP Report: operator sum_next is absorbed into DSP sum_reg_reg.
DSP Report: operator m_next is absorbed into DSP sum_reg_reg.
DSP Report: Generating DSP sum_reg_reg, operation Mode is: (C+(A2*B2)')'.
DSP Report: register b_reg_reg is absorbed into DSP sum_reg_reg.
DSP Report: register a_reg_reg is absorbed into DSP sum_reg_reg.
DSP Report: register sum_reg_reg is absorbed into DSP sum_reg_reg.
DSP Report: register m_reg_reg is absorbed into DSP sum_reg_reg.
DSP Report: operator sum_next is absorbed into DSP sum_reg_reg.
DSP Report: operator m_next is absorbed into DSP sum_reg_reg.
DSP Report: Generating DSP sum_reg_reg, operation Mode is: (C+(A2*B2)')'.
DSP Report: register b_reg_reg is absorbed into DSP sum_reg_reg.
DSP Report: register a_reg_reg is absorbed into DSP sum_reg_reg.
DSP Report: register sum_reg_reg is absorbed into DSP sum_reg_reg.
DSP Report: register m_reg_reg is absorbed into DSP sum_reg_reg.
DSP Report: operator sum_next is absorbed into DSP sum_reg_reg.
DSP Report: operator m_next is absorbed into DSP sum_reg_reg.
DSP Report: Generating DSP sum_reg_reg, operation Mode is: (C+(A2*B2)')'.
DSP Report: register b_reg_reg is absorbed into DSP sum_reg_reg.
DSP Report: register a_reg_reg is absorbed into DSP sum_reg_reg.
DSP Report: register sum_reg_reg is absorbed into DSP sum_reg_reg.
DSP Report: register m_reg_reg is absorbed into DSP sum_reg_reg.
DSP Report: operator sum_next is absorbed into DSP sum_reg_reg.
DSP Report: operator m_next is absorbed into DSP sum_reg_reg.
DSP Report: Generating DSP sum_reg_reg, operation Mode is: (C+(A2*B2)')'.
DSP Report: register b_reg_reg is absorbed into DSP sum_reg_reg.
DSP Report: register a_reg_reg is absorbed into DSP sum_reg_reg.
DSP Report: register sum_reg_reg is absorbed into DSP sum_reg_reg.
DSP Report: register m_reg_reg is absorbed into DSP sum_reg_reg.
DSP Report: operator sum_next is absorbed into DSP sum_reg_reg.
DSP Report: operator m_next is absorbed into DSP sum_reg_reg.
DSP Report: Generating DSP sum_reg_reg, operation Mode is: (C+(A2*B2)')'.
DSP Report: register b_reg_reg is absorbed into DSP sum_reg_reg.
DSP Report: register a_reg_reg is absorbed into DSP sum_reg_reg.
DSP Report: register sum_reg_reg is absorbed into DSP sum_reg_reg.
DSP Report: register m_reg_reg is absorbed into DSP sum_reg_reg.
DSP Report: operator sum_next is absorbed into DSP sum_reg_reg.
DSP Report: operator m_next is absorbed into DSP sum_reg_reg.
DSP Report: Generating DSP sum_reg_reg, operation Mode is: (C+(A2*B2)')'.
DSP Report: register b_reg_reg is absorbed into DSP sum_reg_reg.
DSP Report: register a_reg_reg is absorbed into DSP sum_reg_reg.
DSP Report: register sum_reg_reg is absorbed into DSP sum_reg_reg.
DSP Report: register m_reg_reg is absorbed into DSP sum_reg_reg.
DSP Report: operator sum_next is absorbed into DSP sum_reg_reg.
DSP Report: operator m_next is absorbed into DSP sum_reg_reg.
DSP Report: Generating DSP sum_reg_reg, operation Mode is: (C+(A2*B2)')'.
DSP Report: register b_reg_reg is absorbed into DSP sum_reg_reg.
DSP Report: register a_reg_reg is absorbed into DSP sum_reg_reg.
DSP Report: register sum_reg_reg is absorbed into DSP sum_reg_reg.
DSP Report: register m_reg_reg is absorbed into DSP sum_reg_reg.
DSP Report: operator sum_next is absorbed into DSP sum_reg_reg.
DSP Report: operator m_next is absorbed into DSP sum_reg_reg.
DSP Report: Generating DSP sum_reg_reg, operation Mode is: (C+(A2*B2)')'.
DSP Report: register b_reg_reg is absorbed into DSP sum_reg_reg.
DSP Report: register a_reg_reg is absorbed into DSP sum_reg_reg.
DSP Report: register sum_reg_reg is absorbed into DSP sum_reg_reg.
DSP Report: register m_reg_reg is absorbed into DSP sum_reg_reg.
DSP Report: operator sum_next is absorbed into DSP sum_reg_reg.
DSP Report: operator m_next is absorbed into DSP sum_reg_reg.
DSP Report: Generating DSP sum_reg_reg, operation Mode is: (C+(A2*B2)')'.
DSP Report: register b_reg_reg is absorbed into DSP sum_reg_reg.
DSP Report: register a_reg_reg is absorbed into DSP sum_reg_reg.
DSP Report: register sum_reg_reg is absorbed into DSP sum_reg_reg.
DSP Report: register m_reg_reg is absorbed into DSP sum_reg_reg.
DSP Report: operator sum_next is absorbed into DSP sum_reg_reg.
DSP Report: operator m_next is absorbed into DSP sum_reg_reg.
DSP Report: Generating DSP sum_reg_reg, operation Mode is: (C+(A2*B2)')'.
DSP Report: register b_reg_reg is absorbed into DSP sum_reg_reg.
DSP Report: register a_reg_reg is absorbed into DSP sum_reg_reg.
DSP Report: register sum_reg_reg is absorbed into DSP sum_reg_reg.
DSP Report: register m_reg_reg is absorbed into DSP sum_reg_reg.
DSP Report: operator sum_next is absorbed into DSP sum_reg_reg.
DSP Report: operator m_next is absorbed into DSP sum_reg_reg.
DSP Report: Generating DSP sum_reg_reg, operation Mode is: (C+(A2*B2)')'.
DSP Report: register b_reg_reg is absorbed into DSP sum_reg_reg.
DSP Report: register a_reg_reg is absorbed into DSP sum_reg_reg.
DSP Report: register sum_reg_reg is absorbed into DSP sum_reg_reg.
DSP Report: register m_reg_reg is absorbed into DSP sum_reg_reg.
DSP Report: operator sum_next is absorbed into DSP sum_reg_reg.
DSP Report: operator m_next is absorbed into DSP sum_reg_reg.
DSP Report: Generating DSP sum_reg_reg, operation Mode is: (C+(A2*B2)')'.
DSP Report: register b_reg_reg is absorbed into DSP sum_reg_reg.
DSP Report: register a_reg_reg is absorbed into DSP sum_reg_reg.
DSP Report: register sum_reg_reg is absorbed into DSP sum_reg_reg.
DSP Report: register m_reg_reg is absorbed into DSP sum_reg_reg.
DSP Report: operator sum_next is absorbed into DSP sum_reg_reg.
DSP Report: operator m_next is absorbed into DSP sum_reg_reg.
DSP Report: Generating DSP sum_reg_reg, operation Mode is: (C+(A2*B2)')'.
DSP Report: register b_reg_reg is absorbed into DSP sum_reg_reg.
DSP Report: register a_reg_reg is absorbed into DSP sum_reg_reg.
DSP Report: register sum_reg_reg is absorbed into DSP sum_reg_reg.
DSP Report: register m_reg_reg is absorbed into DSP sum_reg_reg.
DSP Report: operator sum_next is absorbed into DSP sum_reg_reg.
DSP Report: operator m_next is absorbed into DSP sum_reg_reg.
DSP Report: Generating DSP sum_reg_reg, operation Mode is: (C+(A2*B2)')'.
DSP Report: register b_reg_reg is absorbed into DSP sum_reg_reg.
DSP Report: register a_reg_reg is absorbed into DSP sum_reg_reg.
DSP Report: register sum_reg_reg is absorbed into DSP sum_reg_reg.
DSP Report: register m_reg_reg is absorbed into DSP sum_reg_reg.
DSP Report: operator sum_next is absorbed into DSP sum_reg_reg.
DSP Report: operator m_next is absorbed into DSP sum_reg_reg.
DSP Report: Generating DSP sum_reg_reg, operation Mode is: (C+(A2*B2)')'.
DSP Report: register b_reg_reg is absorbed into DSP sum_reg_reg.
DSP Report: register a_reg_reg is absorbed into DSP sum_reg_reg.
DSP Report: register sum_reg_reg is absorbed into DSP sum_reg_reg.
DSP Report: register m_reg_reg is absorbed into DSP sum_reg_reg.
DSP Report: operator sum_next is absorbed into DSP sum_reg_reg.
DSP Report: operator m_next is absorbed into DSP sum_reg_reg.
DSP Report: Generating DSP sum_reg_reg, operation Mode is: (C+(A2*B2)')'.
DSP Report: register b_reg_reg is absorbed into DSP sum_reg_reg.
DSP Report: register a_reg_reg is absorbed into DSP sum_reg_reg.
DSP Report: register sum_reg_reg is absorbed into DSP sum_reg_reg.
DSP Report: register m_reg_reg is absorbed into DSP sum_reg_reg.
DSP Report: operator sum_next is absorbed into DSP sum_reg_reg.
DSP Report: operator m_next is absorbed into DSP sum_reg_reg.
DSP Report: Generating DSP sum_reg_reg, operation Mode is: (C+(A2*B2)')'.
DSP Report: register b_reg_reg is absorbed into DSP sum_reg_reg.
DSP Report: register a_reg_reg is absorbed into DSP sum_reg_reg.
DSP Report: register sum_reg_reg is absorbed into DSP sum_reg_reg.
DSP Report: register m_reg_reg is absorbed into DSP sum_reg_reg.
DSP Report: operator sum_next is absorbed into DSP sum_reg_reg.
DSP Report: operator m_next is absorbed into DSP sum_reg_reg.
DSP Report: Generating DSP sum_reg_reg, operation Mode is: (C+(A2*B2)')'.
DSP Report: register b_reg_reg is absorbed into DSP sum_reg_reg.
DSP Report: register a_reg_reg is absorbed into DSP sum_reg_reg.
DSP Report: register sum_reg_reg is absorbed into DSP sum_reg_reg.
DSP Report: register m_reg_reg is absorbed into DSP sum_reg_reg.
DSP Report: operator sum_next is absorbed into DSP sum_reg_reg.
DSP Report: operator m_next is absorbed into DSP sum_reg_reg.
DSP Report: Generating DSP sum_reg_reg, operation Mode is: (C+(A2*B2)')'.
DSP Report: register b_reg_reg is absorbed into DSP sum_reg_reg.
DSP Report: register a_reg_reg is absorbed into DSP sum_reg_reg.
DSP Report: register sum_reg_reg is absorbed into DSP sum_reg_reg.
DSP Report: register m_reg_reg is absorbed into DSP sum_reg_reg.
DSP Report: operator sum_next is absorbed into DSP sum_reg_reg.
DSP Report: operator m_next is absorbed into DSP sum_reg_reg.
DSP Report: Generating DSP sum_reg_reg, operation Mode is: (C+(A2*B2)')'.
DSP Report: register b_reg_reg is absorbed into DSP sum_reg_reg.
DSP Report: register a_reg_reg is absorbed into DSP sum_reg_reg.
DSP Report: register sum_reg_reg is absorbed into DSP sum_reg_reg.
DSP Report: register m_reg_reg is absorbed into DSP sum_reg_reg.
DSP Report: operator sum_next is absorbed into DSP sum_reg_reg.
DSP Report: operator m_next is absorbed into DSP sum_reg_reg.
DSP Report: Generating DSP sum_reg_reg, operation Mode is: (C+(A2*B2)')'.
DSP Report: register b_reg_reg is absorbed into DSP sum_reg_reg.
DSP Report: register a_reg_reg is absorbed into DSP sum_reg_reg.
DSP Report: register sum_reg_reg is absorbed into DSP sum_reg_reg.
DSP Report: register m_reg_reg is absorbed into DSP sum_reg_reg.
DSP Report: operator sum_next is absorbed into DSP sum_reg_reg.
DSP Report: operator m_next is absorbed into DSP sum_reg_reg.
DSP Report: Generating DSP sum_reg_reg, operation Mode is: (C+(A2*B2)')'.
DSP Report: register b_reg_reg is absorbed into DSP sum_reg_reg.
DSP Report: register a_reg_reg is absorbed into DSP sum_reg_reg.
DSP Report: register sum_reg_reg is absorbed into DSP sum_reg_reg.
DSP Report: register m_reg_reg is absorbed into DSP sum_reg_reg.
DSP Report: operator sum_next is absorbed into DSP sum_reg_reg.
DSP Report: operator m_next is absorbed into DSP sum_reg_reg.
DSP Report: Generating DSP sum_reg_reg, operation Mode is: (C+(A2*B2)')'.
DSP Report: register b_reg_reg is absorbed into DSP sum_reg_reg.
DSP Report: register a_reg_reg is absorbed into DSP sum_reg_reg.
DSP Report: register sum_reg_reg is absorbed into DSP sum_reg_reg.
DSP Report: register m_reg_reg is absorbed into DSP sum_reg_reg.
DSP Report: operator sum_next is absorbed into DSP sum_reg_reg.
DSP Report: operator m_next is absorbed into DSP sum_reg_reg.
DSP Report: Generating DSP sum_reg_reg, operation Mode is: (C+(A2*B2)')'.
DSP Report: register b_reg_reg is absorbed into DSP sum_reg_reg.
DSP Report: register a_reg_reg is absorbed into DSP sum_reg_reg.
DSP Report: register sum_reg_reg is absorbed into DSP sum_reg_reg.
DSP Report: register m_reg_reg is absorbed into DSP sum_reg_reg.
DSP Report: operator sum_next is absorbed into DSP sum_reg_reg.
DSP Report: operator m_next is absorbed into DSP sum_reg_reg.
DSP Report: Generating DSP sum_reg_reg, operation Mode is: (C+(A2*B2)')'.
DSP Report: register b_reg_reg is absorbed into DSP sum_reg_reg.
DSP Report: register a_reg_reg is absorbed into DSP sum_reg_reg.
DSP Report: register sum_reg_reg is absorbed into DSP sum_reg_reg.
DSP Report: register m_reg_reg is absorbed into DSP sum_reg_reg.
DSP Report: operator sum_next is absorbed into DSP sum_reg_reg.
DSP Report: operator m_next is absorbed into DSP sum_reg_reg.
DSP Report: Generating DSP sum_reg_reg, operation Mode is: (C+(A2*B2)')'.
DSP Report: register b_reg_reg is absorbed into DSP sum_reg_reg.
DSP Report: register a_reg_reg is absorbed into DSP sum_reg_reg.
DSP Report: register sum_reg_reg is absorbed into DSP sum_reg_reg.
DSP Report: register m_reg_reg is absorbed into DSP sum_reg_reg.
DSP Report: operator sum_next is absorbed into DSP sum_reg_reg.
DSP Report: operator m_next is absorbed into DSP sum_reg_reg.
DSP Report: Generating DSP sum_reg_reg, operation Mode is: (C+(A2*B2)')'.
DSP Report: register b_reg_reg is absorbed into DSP sum_reg_reg.
DSP Report: register a_reg_reg is absorbed into DSP sum_reg_reg.
DSP Report: register sum_reg_reg is absorbed into DSP sum_reg_reg.
DSP Report: register m_reg_reg is absorbed into DSP sum_reg_reg.
DSP Report: operator sum_next is absorbed into DSP sum_reg_reg.
DSP Report: operator m_next is absorbed into DSP sum_reg_reg.
DSP Report: Generating DSP sum_reg_reg, operation Mode is: (C+(A2*B2)')'.
DSP Report: register b_reg_reg is absorbed into DSP sum_reg_reg.
DSP Report: register a_reg_reg is absorbed into DSP sum_reg_reg.
DSP Report: register sum_reg_reg is absorbed into DSP sum_reg_reg.
DSP Report: register m_reg_reg is absorbed into DSP sum_reg_reg.
DSP Report: operator sum_next is absorbed into DSP sum_reg_reg.
DSP Report: operator m_next is absorbed into DSP sum_reg_reg.
DSP Report: Generating DSP sum_reg_reg, operation Mode is: (C+(A2*B2)')'.
DSP Report: register b_reg_reg is absorbed into DSP sum_reg_reg.
DSP Report: register a_reg_reg is absorbed into DSP sum_reg_reg.
DSP Report: register sum_reg_reg is absorbed into DSP sum_reg_reg.
DSP Report: register m_reg_reg is absorbed into DSP sum_reg_reg.
DSP Report: operator sum_next is absorbed into DSP sum_reg_reg.
DSP Report: operator m_next is absorbed into DSP sum_reg_reg.
DSP Report: Generating DSP sum_reg_reg, operation Mode is: (C+(A2*B2)')'.
DSP Report: register b_reg_reg is absorbed into DSP sum_reg_reg.
DSP Report: register a_reg_reg is absorbed into DSP sum_reg_reg.
DSP Report: register sum_reg_reg is absorbed into DSP sum_reg_reg.
DSP Report: register m_reg_reg is absorbed into DSP sum_reg_reg.
DSP Report: operator sum_next is absorbed into DSP sum_reg_reg.
DSP Report: operator m_next is absorbed into DSP sum_reg_reg.
DSP Report: Generating DSP sum_reg_reg, operation Mode is: (C+(A2*B2)')'.
DSP Report: register b_reg_reg is absorbed into DSP sum_reg_reg.
DSP Report: register a_reg_reg is absorbed into DSP sum_reg_reg.
DSP Report: register sum_reg_reg is absorbed into DSP sum_reg_reg.
DSP Report: register m_reg_reg is absorbed into DSP sum_reg_reg.
DSP Report: operator sum_next is absorbed into DSP sum_reg_reg.
DSP Report: operator m_next is absorbed into DSP sum_reg_reg.
DSP Report: Generating DSP sum_reg_reg, operation Mode is: (C+(A2*B2)')'.
DSP Report: register b_reg_reg is absorbed into DSP sum_reg_reg.
DSP Report: register a_reg_reg is absorbed into DSP sum_reg_reg.
DSP Report: register sum_reg_reg is absorbed into DSP sum_reg_reg.
DSP Report: register m_reg_reg is absorbed into DSP sum_reg_reg.
DSP Report: operator sum_next is absorbed into DSP sum_reg_reg.
DSP Report: operator m_next is absorbed into DSP sum_reg_reg.
