#-----------------------------------------------------------
# Vivado v2020.2 (64-bit)
# SW Build 3064766 on Wed Nov 18 09:12:45 MST 2020
# IP Build 3064653 on Wed Nov 18 14:17:31 MST 2020
# Start of session at: Wed Apr 12 00:14:32 2023
# Process ID: 14836
# Current directory: C:/Users/Dusan/Desktop/DSONG/fir_otporan
# Command line: vivado.exe -gui_launcher_event rodinguilauncherevent14868 C:\Users\Dusan\Desktop\DSONG\fir_otporan\fir_filtar.xpr
# Log file: C:/Users/Dusan/Desktop/DSONG/fir_otporan/vivado.log
# Journal file: C:/Users/Dusan/Desktop/DSONG/fir_otporan\vivado.jou
#-----------------------------------------------------------
start_gui
open_project C:/Users/Dusan/Desktop/DSONG/fir_otporan/fir_filtar.xpr
WARNING: [filemgmt 56-3] Default IP Output Path : Could not find the directory 'C:/Users/Dusan/Desktop/DSONG/fir_otporan/fir_filtar.gen/sources_1'.
Scanning sources...
Finished scanning sources
INFO: [IP_Flow 19-234] Refreshing IP repositories
INFO: [IP_Flow 19-1704] No user IP repositories specified
INFO: [IP_Flow 19-2313] Loaded Vivado IP repository 'E:/Xilinx/Vivado/2020.2/data/ip'.
open_project: Time (s): cpu = 00:00:37 ; elapsed = 00:00:14 . Memory (MB): peak = 1143.977 ; gain = 0.000
reset_run synth_1
launch_runs impl_1 -jobs 4
[Wed Apr 12 00:16:58 2023] Launched synth_1...
Run output will be captured here: C:/Users/Dusan/Desktop/DSONG/fir_otporan/fir_filtar.runs/synth_1/runme.log
[Wed Apr 12 00:16:59 2023] Launched impl_1...
Run output will be captured here: C:/Users/Dusan/Desktop/DSONG/fir_otporan/fir_filtar.runs/impl_1/runme.log
reset_run synth_1
launch_runs synth_1 -jobs 4
[Wed Apr 12 00:20:55 2023] Launched synth_1...
Run output will be captured here: C:/Users/Dusan/Desktop/DSONG/fir_otporan/fir_filtar.runs/synth_1/runme.log
reset_run synth_1
WARNING: [Vivado 12-1017] Problems encountered:
1. Failed to delete one or more files in run directory C:/Users/Dusan/Desktop/DSONG/fir_otporan/fir_filtar.runs/synth_1

exit
INFO: [Common 17-206] Exiting Vivado at Wed Apr 12 00:28:31 2023...
