Vivado Simulator 2020.2
Copyright 1986-1999, 2001-2020 Xilinx, Inc. All Rights Reserved.
Running: E:/Xilinx/Vivado/2020.2/bin/unwrapped/win64.o/xelab.exe -wto 5ad839cf840041a092ff501b32b453ae --incr --debug typical --relax --mt 2 -L xil_defaultlib -L secureip --snapshot adder_tb_behav xil_defaultlib.adder_tb -log elaborate.log 
Using 2 slave threads.
Starting static elaboration
Completed static elaboration
Starting simulation data flow analysis
Completed simulation data flow analysis
Time Resolution for simulation is 1ps
Compiling package std.standard
Compiling package std.textio
Compiling package ieee.std_logic_1164
Compiling package ieee.numeric_std
Compiling package ieee.math_real
Compiling package ieee.std_logic_arith
Compiling package ieee.std_logic_unsigned
Compiling package xil_defaultlib.utils_pkg
Compiling architecture behavioral of entity xil_defaultlib.switch_voter [\switch_voter(width=4)\]
Compiling architecture behavioral of entity xil_defaultlib.adder_tb
Built simulation snapshot adder_tb_behav
